<?xml version="1.0" encoding="UTF-8"?>
<testsuite xmlns:xsi="http://www.w3.org/2001/XMLSchema-instance" xsi:noNamespaceSchemaLocation="https://maven.apache.org/surefire/maven-surefire-plugin/xsd/surefire-test-report-3.0.xsd" version="3.0" name="com.proyecto.Proyecto.PApiProduct.PApiProductApplicationTests" time="9.072" tests="1" errors="0" skipped="0" failures="0">
  <properties>
[...]
</properties>
  <testcase name="contextLoads" classname="com.proyecto.Proyecto.PApiProduct.PApiProductApplicationTests" time="0.363">
    <system-out><![CDATA[20:42:49.514 [main] INFO org.springframework.test.context.support.AnnotationConfigContextLoaderUtils -- Could not detect default configuration classes for test class [com.proyecto.Proyecto.PApiProduct.PApiProductApplicationTests]: PApiProductApplicationTests does not declare any static, non-private, non-final, nested classes annotated with @Configuration.
20:42:49.611 [main] INFO org.springframework.boot.test.context.SpringBootTestContextBootstrapper -- Found @SpringBootConfiguration com.proyecto.Proyecto.PApiProduct.PApiProductApplication for test class com.proyecto.Proyecto.PApiProduct.PApiProductApplicationTests

  .   ____          _            __ _ _
 /\\ / ___'_ __ _ _(_)_ __  __ _ \ \ \ \
( ( )\___ | '_ | '_| | '_ \/ _` | \ \ \ \
 \\/  ___)| |_)| | | | | || (_| |  ) ) ) )
  '  |____| .__|_| |_|_| |_\__, | / / / /
 =========|_|==============|___/=/_/_/_/
 :: Spring Boot ::                (v3.1.5)

2024-10-22T20:42:50.268-05:00  INFO 3080 --- [           main] c.c.c.ConfigServicePropertySourceLocator : Fetching config from server at : http://localhost:8090
2024-10-22T20:42:54.461-05:00  INFO 3080 --- [           main] c.c.c.ConfigServicePropertySourceLocator : Located environment: name=PApiProducto, profiles=[default], label=null, version=8792613185349c226a8206b4a6e906941c634041, state=null
2024-10-22T20:42:54.461-05:00  INFO 3080 --- [           main] b.c.PropertySourceBootstrapConfiguration : Located property source: [BootstrapPropertySource {name='bootstrapProperties-configClient'}, BootstrapPropertySource {name='bootstrapProperties-https://github.com/RenzoZumaeta98/PropertiesProyectoDAWI/PApiProducto.properties'}]
2024-10-22T20:42:54.474-05:00  INFO 3080 --- [           main] c.p.P.P.PApiProductApplicationTests      : No active profile set, falling back to 1 default profile: "default"
2024-10-22T20:42:54.887-05:00  INFO 3080 --- [           main] .s.d.r.c.RepositoryConfigurationDelegate : Bootstrapping Spring Data JPA repositories in DEFAULT mode.
2024-10-22T20:42:54.984-05:00  INFO 3080 --- [           main] .s.d.r.c.RepositoryConfigurationDelegate : Finished Spring Data repository scanning in 90 ms. Found 1 JPA repository interfaces.
2024-10-22T20:42:55.205-05:00  INFO 3080 --- [           main] o.s.cloud.context.scope.GenericScope     : BeanFactory id=dd7f6d1a-f53c-3d10-bf60-e8a9f4e6983f
2024-10-22T20:42:55.262-05:00  INFO 3080 --- [           main] trationDelegate$BeanPostProcessorChecker : Bean 'com.proyecto.Proyecto.PApiProduct.service.RestClientCategory' of type [org.springframework.cloud.openfeign.FeignClientFactoryBean] is not eligible for getting processed by all BeanPostProcessors (for example: not eligible for auto-proxying)
2024-10-22T20:42:55.262-05:00  INFO 3080 --- [           main] trationDelegate$BeanPostProcessorChecker : Bean 'com.proyecto.Proyecto.PApiProduct.service.RestClientProveedor' of type [org.springframework.cloud.openfeign.FeignClientFactoryBean] is not eligible for getting processed by all BeanPostProcessors (for example: not eligible for auto-proxying)
2024-10-22T20:42:55.422-05:00  INFO 3080 --- [           main] o.hibernate.jpa.internal.util.LogHelper  : HHH000204: Processing PersistenceUnitInfo [name: default]
2024-10-22T20:42:55.500-05:00  INFO 3080 --- [           main] org.hibernate.Version                    : HHH000412: Hibernate ORM core version 6.2.13.Final
2024-10-22T20:42:55.502-05:00  INFO 3080 --- [           main] org.hibernate.cfg.Environment            : HHH000406: Using bytecode reflection optimizer
2024-10-22T20:42:55.761-05:00  INFO 3080 --- [           main] o.s.o.j.p.SpringPersistenceUnitInfo      : No LoadTimeWeaver setup: ignoring JPA class transformer
2024-10-22T20:42:55.787-05:00  INFO 3080 --- [           main] com.zaxxer.hikari.HikariDataSource       : HikariPool-1 - Starting...
2024-10-22T20:42:56.039-05:00  INFO 3080 --- [           main] com.zaxxer.hikari.pool.HikariPool        : HikariPool-1 - Added connection com.mysql.cj.jdbc.ConnectionImpl@2133b712
2024-10-22T20:42:56.040-05:00  INFO 3080 --- [           main] com.zaxxer.hikari.HikariDataSource       : HikariPool-1 - Start completed.
2024-10-22T20:42:56.579-05:00  INFO 3080 --- [           main] o.h.e.t.j.p.i.JtaPlatformInitiator       : HHH000489: No JTA platform available (set 'hibernate.transaction.jta.platform' to enable JTA platform integration)
2024-10-22T20:42:56.610-05:00  INFO 3080 --- [           main] j.LocalContainerEntityManagerFactoryBean : Initialized JPA EntityManagerFactory for persistence unit 'default'
2024-10-22T20:42:57.002-05:00  WARN 3080 --- [           main] JpaBaseConfiguration$JpaWebConfiguration : spring.jpa.open-in-view is enabled by default. Therefore, database queries may be performed during view rendering. Explicitly configure spring.jpa.open-in-view to disable this warning
2024-10-22T20:42:58.001-05:00  INFO 3080 --- [           main] DiscoveryClientOptionalArgsConfiguration : Eureka HTTP Client uses RestTemplate.
2024-10-22T20:42:58.041-05:00  WARN 3080 --- [           main] iguration$LoadBalancerCaffeineWarnLogger : Spring Cloud LoadBalancer is currently working with the default cache. While this cache implementation is useful for development and tests, it's recommended to use Caffeine cache in production.You can switch to using Caffeine cache, by adding it and org.springframework.cache.caffeine.CaffeineCacheManager to the classpath.
2024-10-22T20:42:58.067-05:00  INFO 3080 --- [           main] c.p.P.P.PApiProductApplicationTests      : Started PApiProductApplicationTests in 8.332 seconds (process running for 9.105)
]]></system-out>
    <system-err><![CDATA[WARNING: A Java agent has been loaded dynamically (C:\Users\renzo\.m2\repository\net\bytebuddy\byte-buddy-agent\1.14.9\byte-buddy-agent-1.14.9.jar)
WARNING: If a serviceability tool is in use, please run with -XX:+EnableDynamicAgentLoading to hide this warning
WARNING: If a serviceability tool is not in use, please run with -Djdk.instrument.traceUsage for more information
WARNING: Dynamic loading of agents will be disallowed by default in a future release
]]></system-err>
  </testcase>
</testsuite>