<?xml version="1.0" encoding="UTF-8"?>
<testsuite xmlns:xsi="http://www.w3.org/2001/XMLSchema-instance" xsi:noNamespaceSchemaLocation="https://maven.apache.org/surefire/maven-surefire-plugin/xsd/surefire-test-report-3.0.xsd" version="3.0" name="com.proyecto.Proyecto.PApiEurekaServer.PApiEurekaServerApplicationTests" time="3.512" tests="1" errors="0" skipped="0" failures="0">
  <properties>
[...]
</properties>
  <testcase name="contextLoads" classname="com.proyecto.Proyecto.PApiEurekaServer.PApiEurekaServerApplicationTests" time="0.526">
    <system-out><![CDATA[20:35:46.168 [main] INFO org.springframework.test.context.support.AnnotationConfigContextLoaderUtils -- Could not detect default configuration classes for test class [com.proyecto.Proyecto.PApiEurekaServer.PApiEurekaServerApplicationTests]: PApiEurekaServerApplicationTests does not declare any static, non-private, non-final, nested classes annotated with @Configuration.
20:35:46.240 [main] INFO org.springframework.boot.test.context.SpringBootTestContextBootstrapper -- Found @SpringBootConfiguration com.proyecto.Proyecto.PApiEurekaServer.PApiEurekaServerApplication for test class com.proyecto.Proyecto.PApiEurekaServer.PApiEurekaServerApplicationTests

  .   ____          _            __ _ _
 /\\ / ___'_ __ _ _(_)_ __  __ _ \ \ \ \
( ( )\___ | '_ | '_| | '_ \/ _` | \ \ \ \
 \\/  ___)| |_)| | | | | || (_| |  ) ) ) )
  '  |____| .__|_| |_|_| |_\__, | / / / /
 =========|_|==============|___/=/_/_/_/
 :: Spring Boot ::                (v3.1.5)

2024-10-22T20:35:46.550-05:00  INFO 17248 --- [           main] c.p.P.P.PApiEurekaServerApplicationTests : Starting PApiEurekaServerApplicationTests using Java 21.0.4 with PID 17248 (started by renzo in C:\Users\renzo\Desktop\PROYECTO MICROSERVICIOS SPRING\PApiEurekaServer)
2024-10-22T20:35:46.550-05:00  INFO 17248 --- [           main] c.p.P.P.PApiEurekaServerApplicationTests : No active profile set, falling back to 1 default profile: "default"
2024-10-22T20:35:47.293-05:00  INFO 17248 --- [           main] o.s.cloud.context.scope.GenericScope     : BeanFactory id=2a971ad2-0272-3df1-9275-77dffcd53105
2024-10-22T20:35:48.300-05:00  WARN 17248 --- [           main] iguration$LoadBalancerCaffeineWarnLogger : Spring Cloud LoadBalancer is currently working with the default cache. While this cache implementation is useful for development and tests, it's recommended to use Caffeine cache in production.You can switch to using Caffeine cache, by adding it and org.springframework.cache.caffeine.CaffeineCacheManager to the classpath.
2024-10-22T20:35:48.485-05:00  INFO 17248 --- [           main] o.s.c.n.eureka.InstanceInfoFactory       : Setting initial instance status as: STARTING
2024-10-22T20:35:48.523-05:00  INFO 17248 --- [           main] com.netflix.discovery.DiscoveryClient    : Initializing Eureka in region us-east-1
2024-10-22T20:35:48.524-05:00  INFO 17248 --- [           main] com.netflix.discovery.DiscoveryClient    : Client configured to neither register nor query for data.
2024-10-22T20:35:48.533-05:00  INFO 17248 --- [           main] com.netflix.discovery.DiscoveryClient    : Discovery Client initialized at timestamp 1729647348532 with initial instances count: 0
2024-10-22T20:35:48.570-05:00  INFO 17248 --- [           main] c.n.eureka.DefaultEurekaServerContext    : Initializing ...
2024-10-22T20:35:48.571-05:00  INFO 17248 --- [           main] c.n.eureka.cluster.PeerEurekaNodes       : Adding new peer nodes [http://localhost:8761/eureka/]
2024-10-22T20:35:48.730-05:00  INFO 17248 --- [           main] c.n.d.provider.DiscoveryJerseyProvider   : Using JSON encoding codec LegacyJacksonJson
2024-10-22T20:35:48.731-05:00  INFO 17248 --- [           main] c.n.d.provider.DiscoveryJerseyProvider   : Using JSON decoding codec LegacyJacksonJson
2024-10-22T20:35:48.731-05:00  INFO 17248 --- [           main] c.n.d.provider.DiscoveryJerseyProvider   : Using XML encoding codec XStreamXml
2024-10-22T20:35:48.731-05:00  INFO 17248 --- [           main] c.n.d.provider.DiscoveryJerseyProvider   : Using XML decoding codec XStreamXml
2024-10-22T20:35:48.844-05:00  INFO 17248 --- [           main] c.n.eureka.cluster.PeerEurekaNodes       : Replica node URL:  http://localhost:8761/eureka/
2024-10-22T20:35:48.848-05:00  INFO 17248 --- [           main] c.n.e.registry.AbstractInstanceRegistry  : Finished initializing remote region registries. All known remote regions: []
2024-10-22T20:35:48.850-05:00  INFO 17248 --- [           main] c.n.eureka.DefaultEurekaServerContext    : Initialized
2024-10-22T20:35:48.949-05:00  INFO 17248 --- [           main] o.s.b.a.e.web.EndpointLinksResolver      : Exposing 1 endpoint(s) beneath base path '/actuator'
2024-10-22T20:35:48.998-05:00  INFO 17248 --- [           main] o.s.c.n.e.s.EurekaServiceRegistry        : Registering application UNKNOWN with eureka with status UP
2024-10-22T20:35:49.012-05:00  INFO 17248 --- [           main] c.p.P.P.PApiEurekaServerApplicationTests : Started PApiEurekaServerApplicationTests in 2.678 seconds (process running for 3.334)
2024-10-22T20:35:49.016-05:00  INFO 17248 --- [      Thread-10] o.s.c.n.e.server.EurekaServerBootstrap   : isAws returned false
2024-10-22T20:35:49.016-05:00  INFO 17248 --- [      Thread-10] o.s.c.n.e.server.EurekaServerBootstrap   : Initialized server context
2024-10-22T20:35:49.016-05:00  INFO 17248 --- [      Thread-10] c.n.e.r.PeerAwareInstanceRegistryImpl    : Got 1 instances from neighboring DS node
2024-10-22T20:35:49.016-05:00  INFO 17248 --- [      Thread-10] c.n.e.r.PeerAwareInstanceRegistryImpl    : Renew threshold is: 1
2024-10-22T20:35:49.017-05:00  INFO 17248 --- [      Thread-10] c.n.e.r.PeerAwareInstanceRegistryImpl    : Changing status to UP
2024-10-22T20:35:49.026-05:00  INFO 17248 --- [      Thread-10] e.s.EurekaServerInitializerConfiguration : Started Eureka Server
]]></system-out>
    <system-err><![CDATA[WARNING: A Java agent has been loaded dynamically (C:\Users\renzo\.m2\repository\net\bytebuddy\byte-buddy-agent\1.14.9\byte-buddy-agent-1.14.9.jar)
WARNING: If a serviceability tool is in use, please run with -XX:+EnableDynamicAgentLoading to hide this warning
WARNING: If a serviceability tool is not in use, please run with -Djdk.instrument.traceUsage for more information
WARNING: Dynamic loading of agents will be disallowed by default in a future release
]]></system-err>
  </testcase>
</testsuite>