<?xml version="1.0" encoding="UTF-8"?>
<testsuite xmlns:xsi="http://www.w3.org/2001/XMLSchema-instance" xsi:noNamespaceSchemaLocation="https://maven.apache.org/surefire/maven-surefire-plugin/xsd/surefire-test-report-3.0.xsd" version="3.0" name="com.proyecto.Proyecto.PApiGateway.PApiGatewayApplicationTests" time="3.156" tests="1" errors="0" skipped="0" failures="0">
  <properties>
[...]
</properties>
  <testcase name="contextLoads" classname="com.proyecto.Proyecto.PApiGateway.PApiGatewayApplicationTests" time="0.468">
    <system-out><![CDATA[20:37:08.089 [main] INFO org.springframework.test.context.support.AnnotationConfigContextLoaderUtils -- Could not detect default configuration classes for test class [com.proyecto.Proyecto.PApiGateway.PApiGatewayApplicationTests]: PApiGatewayApplicationTests does not declare any static, non-private, non-final, nested classes annotated with @Configuration.
20:37:08.158 [main] INFO org.springframework.boot.test.context.SpringBootTestContextBootstrapper -- Found @SpringBootConfiguration com.proyecto.Proyecto.PApiGateway.PApiGatewayApplication for test class com.proyecto.Proyecto.PApiGateway.PApiGatewayApplicationTests

  .   ____          _            __ _ _
 /\\ / ___'_ __ _ _(_)_ __  __ _ \ \ \ \
( ( )\___ | '_ | '_| | '_ \/ _` | \ \ \ \
 \\/  ___)| |_)| | | | | || (_| |  ) ) ) )
  '  |____| .__|_| |_|_| |_\__, | / / / /
 =========|_|==============|___/=/_/_/_/
 :: Spring Boot ::                (v3.1.5)

2024-10-22T20:37:08.465-05:00  INFO 15744 --- [           main] c.p.P.P.PApiGatewayApplicationTests      : Starting PApiGatewayApplicationTests using Java 21.0.4 with PID 15744 (started by renzo in C:\Users\renzo\Desktop\PROYECTO MICROSERVICIOS SPRING\PApiGateway)
2024-10-22T20:37:08.481-05:00  INFO 15744 --- [           main] c.p.P.P.PApiGatewayApplicationTests      : No active profile set, falling back to 1 default profile: "default"
2024-10-22T20:37:09.134-05:00  INFO 15744 --- [           main] o.s.cloud.context.scope.GenericScope     : BeanFactory id=5c5dda3d-1598-3c06-9229-ce997e354b6d
2024-10-22T20:37:09.180-05:00  INFO 15744 --- [           main] trationDelegate$BeanPostProcessorChecker : Bean 'org.springframework.cloud.client.loadbalancer.reactive.LoadBalancerBeanPostProcessorAutoConfiguration' of type [org.springframework.cloud.client.loadbalancer.reactive.LoadBalancerBeanPostProcessorAutoConfiguration] is not eligible for getting processed by all BeanPostProcessors (for example: not eligible for auto-proxying)
2024-10-22T20:37:09.180-05:00  INFO 15744 --- [           main] trationDelegate$BeanPostProcessorChecker : Bean 'org.springframework.cloud.client.loadbalancer.reactive.LoadBalancerBeanPostProcessorAutoConfiguration$ReactorDeferringLoadBalancerFilterConfig' of type [org.springframework.cloud.client.loadbalancer.reactive.LoadBalancerBeanPostProcessorAutoConfiguration$ReactorDeferringLoadBalancerFilterConfig] is not eligible for getting processed by all BeanPostProcessors (for example: not eligible for auto-proxying)
2024-10-22T20:37:09.180-05:00  INFO 15744 --- [           main] trationDelegate$BeanPostProcessorChecker : Bean 'reactorDeferringLoadBalancerExchangeFilterFunction' of type [org.springframework.cloud.client.loadbalancer.reactive.DeferringLoadBalancerExchangeFilterFunction] is not eligible for getting processed by all BeanPostProcessors (for example: not eligible for auto-proxying)
2024-10-22T20:37:09.828-05:00  INFO 15744 --- [           main] o.s.c.g.r.RouteDefinitionRouteLocator    : Loaded RoutePredicateFactory [After]
2024-10-22T20:37:09.830-05:00  INFO 15744 --- [           main] o.s.c.g.r.RouteDefinitionRouteLocator    : Loaded RoutePredicateFactory [Before]
2024-10-22T20:37:09.830-05:00  INFO 15744 --- [           main] o.s.c.g.r.RouteDefinitionRouteLocator    : Loaded RoutePredicateFactory [Between]
2024-10-22T20:37:09.830-05:00  INFO 15744 --- [           main] o.s.c.g.r.RouteDefinitionRouteLocator    : Loaded RoutePredicateFactory [Cookie]
2024-10-22T20:37:09.830-05:00  INFO 15744 --- [           main] o.s.c.g.r.RouteDefinitionRouteLocator    : Loaded RoutePredicateFactory [Header]
2024-10-22T20:37:09.830-05:00  INFO 15744 --- [           main] o.s.c.g.r.RouteDefinitionRouteLocator    : Loaded RoutePredicateFactory [Host]
2024-10-22T20:37:09.830-05:00  INFO 15744 --- [           main] o.s.c.g.r.RouteDefinitionRouteLocator    : Loaded RoutePredicateFactory [Method]
2024-10-22T20:37:09.830-05:00  INFO 15744 --- [           main] o.s.c.g.r.RouteDefinitionRouteLocator    : Loaded RoutePredicateFactory [Path]
2024-10-22T20:37:09.830-05:00  INFO 15744 --- [           main] o.s.c.g.r.RouteDefinitionRouteLocator    : Loaded RoutePredicateFactory [Query]
2024-10-22T20:37:09.830-05:00  INFO 15744 --- [           main] o.s.c.g.r.RouteDefinitionRouteLocator    : Loaded RoutePredicateFactory [ReadBody]
2024-10-22T20:37:09.830-05:00  INFO 15744 --- [           main] o.s.c.g.r.RouteDefinitionRouteLocator    : Loaded RoutePredicateFactory [RemoteAddr]
2024-10-22T20:37:09.830-05:00  INFO 15744 --- [           main] o.s.c.g.r.RouteDefinitionRouteLocator    : Loaded RoutePredicateFactory [XForwardedRemoteAddr]
2024-10-22T20:37:09.830-05:00  INFO 15744 --- [           main] o.s.c.g.r.RouteDefinitionRouteLocator    : Loaded RoutePredicateFactory [Weight]
2024-10-22T20:37:09.830-05:00  INFO 15744 --- [           main] o.s.c.g.r.RouteDefinitionRouteLocator    : Loaded RoutePredicateFactory [CloudFoundryRouteService]
2024-10-22T20:37:10.004-05:00  INFO 15744 --- [           main] DiscoveryClientOptionalArgsConfiguration : Eureka HTTP Client uses RestTemplate.
2024-10-22T20:37:10.056-05:00  WARN 15744 --- [           main] iguration$LoadBalancerCaffeineWarnLogger : Spring Cloud LoadBalancer is currently working with the default cache. While this cache implementation is useful for development and tests, it's recommended to use Caffeine cache in production.You can switch to using Caffeine cache, by adding it and org.springframework.cache.caffeine.CaffeineCacheManager to the classpath.
2024-10-22T20:37:10.083-05:00  INFO 15744 --- [           main] o.s.c.n.eureka.InstanceInfoFactory       : Setting initial instance status as: STARTING
2024-10-22T20:37:10.177-05:00  INFO 15744 --- [           main] com.netflix.discovery.DiscoveryClient    : Initializing Eureka in region us-east-1
2024-10-22T20:37:10.184-05:00  INFO 15744 --- [           main] c.n.d.s.r.aws.ConfigClusterResolver      : Resolving eureka endpoints via configuration
2024-10-22T20:37:10.209-05:00  INFO 15744 --- [           main] com.netflix.discovery.DiscoveryClient    : Disable delta property : false
2024-10-22T20:37:10.209-05:00  INFO 15744 --- [           main] com.netflix.discovery.DiscoveryClient    : Single vip registry refresh property : null
2024-10-22T20:37:10.209-05:00  INFO 15744 --- [           main] com.netflix.discovery.DiscoveryClient    : Force full registry fetch : false
2024-10-22T20:37:10.209-05:00  INFO 15744 --- [           main] com.netflix.discovery.DiscoveryClient    : Application is null : false
2024-10-22T20:37:10.209-05:00  INFO 15744 --- [           main] com.netflix.discovery.DiscoveryClient    : Registered Applications size is zero : true
2024-10-22T20:37:10.209-05:00  INFO 15744 --- [           main] com.netflix.discovery.DiscoveryClient    : Application version is -1: true
2024-10-22T20:37:10.209-05:00  INFO 15744 --- [           main] com.netflix.discovery.DiscoveryClient    : Getting all instance registry info from the eureka server
2024-10-22T20:37:10.583-05:00  INFO 15744 --- [           main] com.netflix.discovery.DiscoveryClient    : The response status is 200
2024-10-22T20:37:10.583-05:00  INFO 15744 --- [           main] com.netflix.discovery.DiscoveryClient    : Starting heartbeat executor: renew interval is: 30
2024-10-22T20:37:10.583-05:00  INFO 15744 --- [           main] c.n.discovery.InstanceInfoReplicator     : InstanceInfoReplicator onDemand update allowed rate per min is 4
2024-10-22T20:37:10.591-05:00  INFO 15744 --- [           main] com.netflix.discovery.DiscoveryClient    : Discovery Client initialized at timestamp 1729647430583 with initial instances count: 0
2024-10-22T20:37:10.591-05:00  INFO 15744 --- [           main] o.s.c.n.e.s.EurekaServiceRegistry        : Registering application PAPIGATEWAY with eureka with status UP
2024-10-22T20:37:10.591-05:00  INFO 15744 --- [           main] com.netflix.discovery.DiscoveryClient    : Saw local status change event StatusChangeEvent [timestamp=1729647430591, current=UP, previous=STARTING]
2024-10-22T20:37:10.595-05:00  INFO 15744 --- [nfoReplicator-0] com.netflix.discovery.DiscoveryClient    : DiscoveryClient_PAPIGATEWAY/PApiGateway:f2f7ef0d-868b-4d0b-b21d-aac43c85e040: registering service...
2024-10-22T20:37:10.653-05:00  INFO 15744 --- [           main] c.p.P.P.PApiGatewayApplicationTests      : Started PApiGatewayApplicationTests in 2.392 seconds (process running for 3.092)
2024-10-22T20:37:10.681-05:00  INFO 15744 --- [nfoReplicator-0] com.netflix.discovery.DiscoveryClient    : DiscoveryClient_PAPIGATEWAY/PApiGateway:f2f7ef0d-868b-4d0b-b21d-aac43c85e040 - registration status: 204
]]></system-out>
    <system-err><![CDATA[WARNING: A Java agent has been loaded dynamically (C:\Users\renzo\.m2\repository\net\bytebuddy\byte-buddy-agent\1.14.9\byte-buddy-agent-1.14.9.jar)
WARNING: If a serviceability tool is in use, please run with -XX:+EnableDynamicAgentLoading to hide this warning
WARNING: If a serviceability tool is not in use, please run with -Djdk.instrument.traceUsage for more information
WARNING: Dynamic loading of agents will be disallowed by default in a future release
]]></system-err>
  </testcase>
</testsuite>